<?xml version="1.0" encoding="UTF-8"?>
<testsuite name="Academy Choucair" tests="1" skipped="0" failures="0" errors="0" timestamp="2021-10-07T02:56:04" hostname="DESKTOP-G36O3SR" time="18.45">
  <properties/>
  <testcase name="Search for a automate course" classname="Academy Choucair" time="18.45"/>
  <system-out><![CDATA[]]></system-out>
  <system-err><![CDATA[[Test worker] WARN net.thucydides.core.steps.BaseStepListener - stepStarted: net.thucydides.core.steps.ExecutedStepDescription@4e65e024
[Test worker] WARN net.thucydides.core.steps.BaseStepListener - stepStarted: net.thucydides.core.steps.ExecutedStepDescription@3935eb10
[Test worker] WARN net.thucydides.core.steps.BaseStepListener - stepStarted: net.thucydides.core.steps.ExecutedStepDescription@18ef30f2
oct 06, 2021 9:56:04 P.M. org.openqa.selenium.remote.DesiredCapabilities chrome
INFORMACIÓN: Using `new ChromeOptions()` is preferred to `DesiredCapabilities.chrome()`
[Test worker] INFO net.serenitybdd.core.webdriver.driverproviders.ProvideNewDriver - Instantiating driver
[Test worker] INFO net.serenitybdd.core.webdriver.driverproviders.ProvideNewDriver - Driver capabilities: Capabilities {acceptInsecureCerts: false, browserName: chrome, chrome.switches: --start-maximized, goog:chromeOptions: {args: [--start-maximized], extensions: []}, loggingPrefs: org.openqa.selenium.logging..., platform: ANY, version: }
Starting ChromeDriver 94.0.4606.41 (333e85df3c9b656b518b5f1add5ff246365b6c24-refs/branch-heads/4606@{#845}) on port 24468
Only local connections are allowed.
Please see https://chromedriver.chromium.org/security-considerations for suggestions on keeping ChromeDriver safe.
ChromeDriver was started successfully.
oct 06, 2021 9:56:06 P.M. org.openqa.selenium.remote.ProtocolHandshake createSession
INFORMACIÓN: Detected dialect: W3C
[Test worker] WARN net.thucydides.core.steps.BaseStepListener - stepFinished: current outcome:Search for a automate course:Example: {strUser=1121945661, strPassword=Diaz_12345, strCourse=Foundation Level} [Given than brandon wants to learn automation at the academy Choucair
| strUser | strPassword |
| 1121945661 | Diaz_12345 | [Brandon open up [Brandon opens the Choucair academy page]]]
[Test worker] WARN net.thucydides.core.steps.BaseStepListener - stepFinished: current outcome:Search for a automate course:Example: {strUser=1121945661, strPassword=Diaz_12345, strCourse=Foundation Level} [Given than brandon wants to learn automation at the academy Choucair
| strUser | strPassword |
| 1121945661 | Diaz_12345 | [Brandon open up [Brandon opens the Choucair academy page]]]
[Test worker] WARN net.thucydides.core.steps.BaseStepListener - stepStarted: net.thucydides.core.steps.ExecutedStepDescription@52e232a2
[Test worker] WARN net.thucydides.core.steps.BaseStepListener - stepStarted: net.thucydides.core.steps.ExecutedStepDescription@257aecf
[Test worker] WARN net.thucydides.core.steps.BaseStepListener - stepFinished: current outcome:Search for a automate course:Example: {strUser=1121945661, strPassword=Diaz_12345, strCourse=Foundation Level} [Given than brandon wants to learn automation at the academy Choucair
| strUser | strPassword |
| 1121945661 | Diaz_12345 | [Brandon open up [Brandon opens the Choucair academy page], Brandon login [Brandon clicks on Button that shows us the form to login]]]
[Test worker] WARN net.thucydides.core.steps.BaseStepListener - stepStarted: net.thucydides.core.steps.ExecutedStepDescription@28aea2f3
[Test worker] WARN net.thucydides.core.steps.BaseStepListener - stepFinished: current outcome:Search for a automate course:Example: {strUser=1121945661, strPassword=Diaz_12345, strCourse=Foundation Level} [Given than brandon wants to learn automation at the academy Choucair
| strUser | strPassword |
| 1121945661 | Diaz_12345 | [Brandon open up [Brandon opens the Choucair academy page], Brandon login [Brandon clicks on Button that shows us the form to login, Brandon enters '1121945661' into where do we write the user]]]
[Test worker] WARN net.thucydides.core.steps.BaseStepListener - stepStarted: net.thucydides.core.steps.ExecutedStepDescription@3af1b7a8
[Test worker] WARN net.thucydides.core.steps.BaseStepListener - stepFinished: current outcome:Search for a automate course:Example: {strUser=1121945661, strPassword=Diaz_12345, strCourse=Foundation Level} [Given than brandon wants to learn automation at the academy Choucair
| strUser | strPassword |
| 1121945661 | Diaz_12345 | [Brandon open up [Brandon opens the Choucair academy page], Brandon login [Brandon clicks on Button that shows us the form to login, Brandon enters '1121945661' into where do we write the user, Brandon enters 'Diaz_12345' into where do we write the password]]]
[Test worker] WARN net.thucydides.core.steps.BaseStepListener - stepStarted: net.thucydides.core.steps.ExecutedStepDescription@68fddf16
[Test worker] WARN net.thucydides.core.steps.BaseStepListener - stepFinished: current outcome:Search for a automate course:Example: {strUser=1121945661, strPassword=Diaz_12345, strCourse=Foundation Level} [Given than brandon wants to learn automation at the academy Choucair
| strUser | strPassword |
| 1121945661 | Diaz_12345 | [Brandon open up [Brandon opens the Choucair academy page], Brandon login [Brandon clicks on Button that shows us the form to login, Brandon enters '1121945661' into where do we write the user, Brandon enters 'Diaz_12345' into where do we write the password, Brandon clicks on Button to confirm login]]]
[Test worker] WARN net.thucydides.core.steps.BaseStepListener - stepFinished: current outcome:Search for a automate course:Example: {strUser=1121945661, strPassword=Diaz_12345, strCourse=Foundation Level} [Given than brandon wants to learn automation at the academy Choucair
| strUser | strPassword |
| 1121945661 | Diaz_12345 | [Brandon open up [Brandon opens the Choucair academy page], Brandon login [Brandon clicks on Button that shows us the form to login, Brandon enters '1121945661' into where do we write the user, Brandon enters 'Diaz_12345' into where do we write the password, Brandon clicks on Button to confirm login]]]
[Test worker] WARN net.thucydides.core.steps.BaseStepListener - stepFinished: current outcome:Search for a automate course:Example: {strUser=1121945661, strPassword=Diaz_12345, strCourse=Foundation Level} [Given than brandon wants to learn automation at the academy Choucair
| strUser | strPassword |
| 1121945661 | Diaz_12345 | [Brandon open up [Brandon opens the Choucair academy page], Brandon login [Brandon clicks on Button that shows us the form to login, Brandon enters '1121945661' into where do we write the user, Brandon enters 'Diaz_12345' into where do we write the password, Brandon clicks on Button to confirm login]]]
[Test worker] WARN net.thucydides.core.steps.BaseStepListener - stepStarted: net.thucydides.core.steps.ExecutedStepDescription@51ecb0d5
[Test worker] WARN net.thucydides.core.steps.BaseStepListener - stepStarted: net.thucydides.core.steps.ExecutedStepDescription@2f822ca0
[Test worker] WARN net.thucydides.core.steps.BaseStepListener - stepStarted: net.thucydides.core.steps.ExecutedStepDescription@114b70e9
[Test worker] WARN net.thucydides.core.steps.BaseStepListener - stepFinished: current outcome:Search for a automate course:Example: {strUser=1121945661, strPassword=Diaz_12345, strCourse=Foundation Level} [Given than brandon wants to learn automation at the academy Choucair
| strUser | strPassword |
| 1121945661 | Diaz_12345 | [Brandon open up [Brandon opens the Choucair academy page], Brandon login [Brandon clicks on Button that shows us the form to login, Brandon enters '1121945661' into where do we write the user, Brandon enters 'Diaz_12345' into where do we write the password, Brandon clicks on Button to confirm login]], When he searches for the course on the choucair academy platform
| strCourse |
| Foundation Level | [Brandon search [Brandon clicks on Se busca cursos y certificaciones]]]
[Test worker] WARN net.thucydides.core.steps.BaseStepListener - stepStarted: net.thucydides.core.steps.ExecutedStepDescription@bada9b1
[Test worker] WARN net.thucydides.core.steps.BaseStepListener - stepFinished: current outcome:Search for a automate course:Example: {strUser=1121945661, strPassword=Diaz_12345, strCourse=Foundation Level} [Given than brandon wants to learn automation at the academy Choucair
| strUser | strPassword |
| 1121945661 | Diaz_12345 | [Brandon open up [Brandon opens the Choucair academy page], Brandon login [Brandon clicks on Button that shows us the form to login, Brandon enters '1121945661' into where do we write the user, Brandon enters 'Diaz_12345' into where do we write the password, Brandon clicks on Button to confirm login]], When he searches for the course on the choucair academy platform
| strCourse |
| Foundation Level | [Brandon search [Brandon clicks on Se busca cursos y certificaciones, Brandon enters 'Foundation Level' into Se escribe el curso Foundation Level]]]
[Test worker] WARN net.thucydides.core.steps.BaseStepListener - stepStarted: net.thucydides.core.steps.ExecutedStepDescription@5869a156
[Test worker] WARN net.thucydides.core.steps.BaseStepListener - stepFinished: current outcome:Search for a automate course:Example: {strUser=1121945661, strPassword=Diaz_12345, strCourse=Foundation Level} [Given than brandon wants to learn automation at the academy Choucair
| strUser | strPassword |
| 1121945661 | Diaz_12345 | [Brandon open up [Brandon opens the Choucair academy page], Brandon login [Brandon clicks on Button that shows us the form to login, Brandon enters '1121945661' into where do we write the user, Brandon enters 'Diaz_12345' into where do we write the password, Brandon clicks on Button to confirm login]], When he searches for the course on the choucair academy platform
| strCourse |
| Foundation Level | [Brandon search [Brandon clicks on Se busca cursos y certificaciones, Brandon enters 'Foundation Level' into Se escribe el curso Foundation Level, Brandon clicks on Boton para buscar el curso]]]
[Test worker] WARN net.thucydides.core.steps.BaseStepListener - stepFinished: current outcome:Search for a automate course:Example: {strUser=1121945661, strPassword=Diaz_12345, strCourse=Foundation Level} [Given than brandon wants to learn automation at the academy Choucair
| strUser | strPassword |
| 1121945661 | Diaz_12345 | [Brandon open up [Brandon opens the Choucair academy page], Brandon login [Brandon clicks on Button that shows us the form to login, Brandon enters '1121945661' into where do we write the user, Brandon enters 'Diaz_12345' into where do we write the password, Brandon clicks on Button to confirm login]], When he searches for the course on the choucair academy platform
| strCourse |
| Foundation Level | [Brandon search [Brandon clicks on Se busca cursos y certificaciones, Brandon enters 'Foundation Level' into Se escribe el curso Foundation Level, Brandon clicks on Boton para buscar el curso]]]
[Test worker] WARN net.thucydides.core.steps.BaseStepListener - stepFinished: current outcome:Search for a automate course:Example: {strUser=1121945661, strPassword=Diaz_12345, strCourse=Foundation Level} [Given than brandon wants to learn automation at the academy Choucair
| strUser | strPassword |
| 1121945661 | Diaz_12345 | [Brandon open up [Brandon opens the Choucair academy page], Brandon login [Brandon clicks on Button that shows us the form to login, Brandon enters '1121945661' into where do we write the user, Brandon enters 'Diaz_12345' into where do we write the password, Brandon clicks on Button to confirm login]], When he searches for the course on the choucair academy platform
| strCourse |
| Foundation Level | [Brandon search [Brandon clicks on Se busca cursos y certificaciones, Brandon enters 'Foundation Level' into Se escribe el curso Foundation Level, Brandon clicks on Boton para buscar el curso]]]
[Test worker] WARN net.thucydides.core.steps.BaseStepListener - stepStarted: net.thucydides.core.steps.ExecutedStepDescription@348602d8
[Test worker] WARN net.thucydides.core.steps.BaseStepListener - stepStarted: net.thucydides.core.steps.ExecutedStepDescription@68f12746
[Test worker] WARN net.thucydides.core.steps.BaseStepListener - stepFinished: current outcome:Search for a automate course:Example: {strUser=1121945661, strPassword=Diaz_12345, strCourse=Foundation Level} [Given than brandon wants to learn automation at the academy Choucair
| strUser | strPassword |
| 1121945661 | Diaz_12345 | [Brandon open up [Brandon opens the Choucair academy page], Brandon login [Brandon clicks on Button that shows us the form to login, Brandon enters '1121945661' into where do we write the user, Brandon enters 'Diaz_12345' into where do we write the password, Brandon clicks on Button to confirm login]], When he searches for the course on the choucair academy platform
| strCourse |
| Foundation Level | [Brandon search [Brandon clicks on Se busca cursos y certificaciones, Brandon enters 'Foundation Level' into Se escribe el curso Foundation Level, Brandon clicks on Boton para buscar el curso]], Then he finds the course called
| strCourse |
| Foundation Level | [Then answer]]
[Test worker] WARN net.thucydides.core.steps.BaseStepListener - stepFinished: current outcome:Search for a automate course:Example: {strUser=1121945661, strPassword=Diaz_12345, strCourse=Foundation Level} [Given than brandon wants to learn automation at the academy Choucair
| strUser | strPassword |
| 1121945661 | Diaz_12345 | [Brandon open up [Brandon opens the Choucair academy page], Brandon login [Brandon clicks on Button that shows us the form to login, Brandon enters '1121945661' into where do we write the user, Brandon enters 'Diaz_12345' into where do we write the password, Brandon clicks on Button to confirm login]], When he searches for the course on the choucair academy platform
| strCourse |
| Foundation Level | [Brandon search [Brandon clicks on Se busca cursos y certificaciones, Brandon enters 'Foundation Level' into Se escribe el curso Foundation Level, Brandon clicks on Boton para buscar el curso]], Then he finds the course called
| strCourse |
| Foundation Level | [Then answer]]
[Test worker] WARN net.thucydides.core.steps.BaseStepListener - stepFinished: current outcome:Search for a automate course:Example: {strUser=1121945661, strPassword=Diaz_12345, strCourse=Foundation Level} [Given than brandon wants to learn automation at the academy Choucair
| strUser | strPassword |
| 1121945661 | Diaz_12345 | [Brandon open up [Brandon opens the Choucair academy page], Brandon login [Brandon clicks on Button that shows us the form to login, Brandon enters '1121945661' into where do we write the user, Brandon enters 'Diaz_12345' into where do we write the password, Brandon clicks on Button to confirm login]], When he searches for the course on the choucair academy platform
| strCourse |
| Foundation Level | [Brandon search [Brandon clicks on Se busca cursos y certificaciones, Brandon enters 'Foundation Level' into Se escribe el curso Foundation Level, Brandon clicks on Boton para buscar el curso]], Then he finds the course called
| strCourse |
| Foundation Level | [Then answer]]
[Test worker] WARN net.thucydides.core.steps.BaseStepListener - testFinished: Search for a automate course:Example: {strUser=1121945661, strPassword=Diaz_12345, strCourse=Foundation Level} [Given than brandon wants to learn automation at the academy Choucair
| strUser | strPassword |
| 1121945661 | Diaz_12345 | [Brandon open up [Brandon opens the Choucair academy page], Brandon login [Brandon clicks on Button that shows us the form to login, Brandon enters '1121945661' into where do we write the user, Brandon enters 'Diaz_12345' into where do we write the password, Brandon clicks on Button to confirm login]], When he searches for the course on the choucair academy platform
| strCourse |
| Foundation Level | [Brandon search [Brandon clicks on Se busca cursos y certificaciones, Brandon enters 'Foundation Level' into Se escribe el curso Foundation Level, Brandon clicks on Boton para buscar el curso]], Then he finds the course called
| strCourse |
| Foundation Level | [Then answer]]
[Test worker] WARN net.thucydides.core.steps.BaseStepListener - TestOutcomes: [Search for a automate course:Example: {strUser=1121945661, strPassword=Diaz_12345, strCourse=Foundation Level} [Given than brandon wants to learn automation at the academy Choucair
| strUser | strPassword |
| 1121945661 | Diaz_12345 | [Brandon open up [Brandon opens the Choucair academy page], Brandon login [Brandon clicks on Button that shows us the form to login, Brandon enters '1121945661' into where do we write the user, Brandon enters 'Diaz_12345' into where do we write the password, Brandon clicks on Button to confirm login]], When he searches for the course on the choucair academy platform
| strCourse |
| Foundation Level | [Brandon search [Brandon clicks on Se busca cursos y certificaciones, Brandon enters 'Foundation Level' into Se escribe el curso Foundation Level, Brandon clicks on Boton para buscar el curso]], Then he finds the course called
| strCourse |
| Foundation Level | [Then answer]]]
[Test worker] WARN net.thucydides.core.steps.BaseStepListener - Final testOutcomes: [Search for a automate course:Example: {strUser=1121945661, strPassword=Diaz_12345, strCourse=Foundation Level} [Given than brandon wants to learn automation at the academy Choucair
| strUser | strPassword |
| 1121945661 | Diaz_12345 | [Brandon open up [Brandon opens the Choucair academy page], Brandon login [Brandon clicks on Button that shows us the form to login, Brandon enters '1121945661' into where do we write the user, Brandon enters 'Diaz_12345' into where do we write the password, Brandon clicks on Button to confirm login]], When he searches for the course on the choucair academy platform
| strCourse |
| Foundation Level | [Brandon search [Brandon clicks on Se busca cursos y certificaciones, Brandon enters 'Foundation Level' into Se escribe el curso Foundation Level, Brandon clicks on Boton para buscar el curso]], Then he finds the course called
| strCourse |
| Foundation Level | [Then answer]]]
[Test worker] INFO net.thucydides.core.steps.ConsoleLoggingListener - 
        __    _____ _____ ____ _____   ____   _    ____  ____  _____ ____  
  _     \ \  |_   _| ____/ ___|_   _| |  _ \ / \  / ___|/ ___|| ____|  _ \ 
 (_)_____| |   | | |  _| \___ \ | |   | |_) / _ \ \___ \\___ \|  _| | | | |
  _|_____| |   | | | |___ ___) || |   |  __/ ___ \ ___) |___) | |___| |_| |
 (_)     | |   |_| |_____|____/ |_|   |_| /_/   \_\____/|____/|_____|____/ 
        /_/                                                                

TEST PASSED: Search for a automate course
----------------------------------------------------------------------------
]]></system-err>
</testsuite>
