<?xml version="1.0" encoding="UTF-8"?>
<testsuite name="co.com.choucair.pruebaTecnica06.runners.runners.RunnerTags" tests="1" skipped="0" failures="0" errors="0" timestamp="2021-11-24T17:57:05" hostname="DESKTOP-G36O3SR" time="0.874">
  <properties/>
  <testcase name="testRunner" classname="co.com.choucair.pruebaTecnica06.runners.runners.RunnerTags" time="0.874"/>
  <system-out><![CDATA[]]></system-out>
  <system-err><![CDATA[[Test worker] INFO io.github.bonigarcia.wdm.WebDriverManager - Using chromedriver 96.0.4664.45 (since Google Chrome 96 is installed in your machine)
[Test worker] INFO io.github.bonigarcia.wdm.WebDriverManager - Exporting webdriver.chrome.driver as C:\Users\Tom\.m2\repository\webdriver\chromedriver\win32\96.0.4664.45\chromedriver.exe
]]></system-err>
</testsuite>
