<?xml version="1.0" encoding="UTF-8"?>
<testsuite name="co.com.choucair.pruebaTecnica06.runners.runners.RunnerTags" tests="1" skipped="0" failures="0" errors="0" timestamp="2021-11-19T21:43:11" hostname="DESKTOP-G36O3SR" time="14.945">
  <properties/>
  <testcase name="testRunner" classname="co.com.choucair.pruebaTecnica06.runners.runners.RunnerTags" time="14.945"/>
  <system-out><![CDATA[REGISTER BASE STEP LISTENER net.thucydides.core.steps.BaseStepListener@69598dbc

1 Scenarios (?[32m1 passed?[0m)
3 Steps (?[32m3 passed?[0m)
0m12.699s

]]></system-out>
  <system-err><![CDATA[[Test worker] INFO io.github.bonigarcia.wdm.WebDriverManager - Using chromedriver 96.0.4664.45 (since Google Chrome 96 is installed in your machine)
[Test worker] INFO io.github.bonigarcia.wdm.WebDriverManager - Exporting webdriver.chrome.driver as C:\Users\Tom\.m2\repository\webdriver\chromedriver\win32\96.0.4664.45\chromedriver.exe
[Test worker] INFO net.thucydides.core.steps.ConsoleLoggingListener - 

-------------------------------------------------------------------------------------
     _______. _______ .______       _______ .__   __.  __  .___________.____    ____ 
    /       ||   ____||   _  \     |   ____||  \ |  | |  | |           |\   \  /   / 
   |   (----`|  |__   |  |_)  |    |  |__   |   \|  | |  | `---|  |----` \   \/   /  
    \   \    |   __|  |      /     |   __|  |  . `  | |  |     |  |       \_    _/   
.----)   |   |  |____ |  |\  \----.|  |____ |  |\   | |  |     |  |         |  |     
|_______/    |_______|| _| `._____||_______||__| \__| |__|     |__|         |__|    
                                                                                     
 News and tutorials at http://www.serenity-bdd.info                                  
 Documentation at https://wakaleo.gitbooks.io/the-serenity-book/content/             
 Join the Serenity Community on Rocket Chat at https://serenity-bdd.rocket.chat      
 Serenity BDD Support and Training at http://serenity-bdd.info/#/trainingandsupport  
 Learn Serenity BDD online at http://serenity-dojo.com                               
-------------------------------------------------------------------------------------

[Test worker] INFO net.thucydides.core.steps.ConsoleLoggingListener - Test Suite Started: Usuario puede logearse en StarSharp page
[Test worker] WARN net.thucydides.core.steps.BaseStepListener - testStarted: Login correcto/usuario-puede-logearse-en-starsharp-page;login-correcto
[Test worker] INFO net.thucydides.core.steps.ConsoleLoggingListener - 
 _____ _____ ____ _____   ____ _____  _    ____ _____ _____ ____  
|_   _| ____/ ___|_   _| / ___|_   _|/ \  |  _ \_   _| ____|  _ \ 
  | | |  _| \___ \ | |   \___ \ | | / _ \ | |_) || | |  _| | | | |
  | | | |___ ___) || |    ___) || |/ ___ \|  _ < | | | |___| |_| |
  |_| |_____|____/ |_|   |____/ |_/_/   \_\_| \_\|_| |_____|____/ 
                                                                  

TEST STARTED: Login correcto
-------------------------------------------------------------------(usuario-puede-logearse-en-starsharp-page;login-correcto)
[Test worker] WARN net.thucydides.core.steps.BaseStepListener - stepStarted: net.thucydides.core.steps.ExecutedStepDescription@5293d9c1
[Test worker] WARN net.thucydides.core.steps.BaseStepListener - stepStarted: net.thucydides.core.steps.ExecutedStepDescription@77e5205b
[Test worker] WARN net.thucydides.core.steps.BaseStepListener - stepStarted: net.thucydides.core.steps.ExecutedStepDescription@2b59fc46
[Test worker] WARN net.thucydides.core.steps.BaseStepListener - stepStarted: net.thucydides.core.steps.ExecutedStepDescription@4d88dfb3
nov 19, 2021 4:43:13 P.M. org.openqa.selenium.remote.DesiredCapabilities chrome
INFORMACIÓN: Using `new ChromeOptions()` is preferred to `DesiredCapabilities.chrome()`
[Test worker] INFO net.serenitybdd.core.webdriver.driverproviders.ProvideNewDriver - Instantiating driver
[Test worker] INFO net.serenitybdd.core.webdriver.driverproviders.ProvideNewDriver - Driver capabilities: Capabilities {acceptInsecureCerts: false, browserName: chrome, chrome.switches: --start-maximized, goog:chromeOptions: {args: [--start-maximized], extensions: []}, loggingPrefs: org.openqa.selenium.logging..., platform: ANY, version: }
Starting ChromeDriver 96.0.4664.45 (76e4c1bb2ab4671b8beba3444e61c0f17584b2fc-refs/branch-heads/4664@{#947}) on port 12930
Only local connections are allowed.
Please see https://chromedriver.chromium.org/security-considerations for suggestions on keeping ChromeDriver safe.
ChromeDriver was started successfully.
nov 19, 2021 4:43:15 P.M. org.openqa.selenium.remote.ProtocolHandshake createSession
INFORMACIÓN: Detected dialect: W3C
[Test worker] WARN net.thucydides.core.steps.BaseStepListener - stepFinished: current outcome:Login correcto:Example: {usser=admin, =, password=serenity} [Given un usuario ingresa un nombre de usuario en el campo usuario and que ha introducido un password en el campo contrasena [Usuario abrir pagina [usuario opens the Pagina star sharp url]]]
[Test worker] WARN net.thucydides.core.steps.BaseStepListener - stepFinished: current outcome:Login correcto:Example: {usser=admin, =, password=serenity} [Given un usuario ingresa un nombre de usuario en el campo usuario and que ha introducido un password en el campo contrasena [Usuario abrir pagina [usuario opens the Pagina star sharp url]]]
[Test worker] WARN net.thucydides.core.steps.BaseStepListener - stepFinished: current outcome:Login correcto:Example: {usser=admin, =, password=serenity} [Given un usuario ingresa un nombre de usuario en el campo usuario and que ha introducido un password en el campo contrasena [Usuario abrir pagina [usuario opens the Pagina star sharp url]]]
[Test worker] WARN net.thucydides.core.steps.BaseStepListener - stepStarted: net.thucydides.core.steps.ExecutedStepDescription@363738f2
[Test worker] WARN net.thucydides.core.steps.BaseStepListener - stepStarted: net.thucydides.core.steps.ExecutedStepDescription@6f339ff7
[Test worker] WARN net.thucydides.core.steps.BaseStepListener - stepStarted: net.thucydides.core.steps.ExecutedStepDescription@494efac
[Test worker] WARN net.thucydides.core.steps.BaseStepListener - stepFinished: current outcome:Login correcto:Example: {usser=admin, =, password=serenity} [Given un usuario ingresa un nombre de usuario en el campo usuario and que ha introducido un password en el campo contrasena [Usuario abrir pagina [usuario opens the Pagina star sharp url]], When se hace click en el boton
| usser | password |
| admin | serenity | [Usuario abrir formulario [usuario enters 'admin' into Se escribe el usuario]]]
[Test worker] WARN net.thucydides.core.steps.BaseStepListener - stepStarted: net.thucydides.core.steps.ExecutedStepDescription@22776d6a
[Test worker] WARN net.thucydides.core.steps.BaseStepListener - stepFinished: current outcome:Login correcto:Example: {usser=admin, =, password=serenity} [Given un usuario ingresa un nombre de usuario en el campo usuario and que ha introducido un password en el campo contrasena [Usuario abrir pagina [usuario opens the Pagina star sharp url]], When se hace click en el boton
| usser | password |
| admin | serenity | [Usuario abrir formulario [usuario enters 'admin' into Se escribe el usuario, usuario enters 'serenity' into Se escribe la contraseÃ±a]]]
[Test worker] WARN net.thucydides.core.steps.BaseStepListener - stepStarted: net.thucydides.core.steps.ExecutedStepDescription@17ac6a31
[Test worker] WARN net.thucydides.core.steps.BaseStepListener - stepFinished: current outcome:Login correcto:Example: {usser=admin, =, password=serenity} [Given un usuario ingresa un nombre de usuario en el campo usuario and que ha introducido un password en el campo contrasena [Usuario abrir pagina [usuario opens the Pagina star sharp url]], When se hace click en el boton
| usser | password |
| admin | serenity | [Usuario abrir formulario [usuario enters 'admin' into Se escribe el usuario, usuario enters 'serenity' into Se escribe la contraseÃ±a, usuario clicks on Boton que confirma el login]]]
[Test worker] WARN net.thucydides.core.steps.BaseStepListener - stepFinished: current outcome:Login correcto:Example: {usser=admin, =, password=serenity} [Given un usuario ingresa un nombre de usuario en el campo usuario and que ha introducido un password en el campo contrasena [Usuario abrir pagina [usuario opens the Pagina star sharp url]], When se hace click en el boton
| usser | password |
| admin | serenity | [Usuario abrir formulario [usuario enters 'admin' into Se escribe el usuario, usuario enters 'serenity' into Se escribe la contraseÃ±a, usuario clicks on Boton que confirma el login]]]
[Test worker] WARN net.thucydides.core.steps.BaseStepListener - stepFinished: current outcome:Login correcto:Example: {usser=admin, =, password=serenity} [Given un usuario ingresa un nombre de usuario en el campo usuario and que ha introducido un password en el campo contrasena [Usuario abrir pagina [usuario opens the Pagina star sharp url]], When se hace click en el boton
| usser | password |
| admin | serenity | [Usuario abrir formulario [usuario enters 'admin' into Se escribe el usuario, usuario enters 'serenity' into Se escribe la contraseÃ±a, usuario clicks on Boton que confirma el login]]]
[Test worker] WARN net.thucydides.core.steps.BaseStepListener - stepStarted: net.thucydides.core.steps.ExecutedStepDescription@32ad6a9d
[Test worker] WARN net.thucydides.core.steps.BaseStepListener - stepFinished: current outcome:Login correcto:Example: {usser=admin, =, password=serenity} [Given un usuario ingresa un nombre de usuario en el campo usuario and que ha introducido un password en el campo contrasena [Usuario abrir pagina [usuario opens the Pagina star sharp url]], When se hace click en el boton
| usser | password |
| admin | serenity | [Usuario abrir formulario [usuario enters 'admin' into Se escribe el usuario, usuario enters 'serenity' into Se escribe la contraseÃ±a, usuario clicks on Boton que confirma el login]], Then deberia cargarse la pagina]
[Test worker] WARN net.thucydides.core.steps.BaseStepListener - stepFinished: current outcome:Login correcto:Example: {usser=admin, =, password=serenity} [Given un usuario ingresa un nombre de usuario en el campo usuario and que ha introducido un password en el campo contrasena [Usuario abrir pagina [usuario opens the Pagina star sharp url]], When se hace click en el boton
| usser | password |
| admin | serenity | [Usuario abrir formulario [usuario enters 'admin' into Se escribe el usuario, usuario enters 'serenity' into Se escribe la contraseÃ±a, usuario clicks on Boton que confirma el login]], Then deberia cargarse la pagina]
[Test worker] WARN net.thucydides.core.steps.BaseStepListener - testFinished: Login correcto:Example: {usser=admin, =, password=serenity} [Given un usuario ingresa un nombre de usuario en el campo usuario and que ha introducido un password en el campo contrasena [Usuario abrir pagina [usuario opens the Pagina star sharp url]], When se hace click en el boton
| usser | password |
| admin | serenity | [Usuario abrir formulario [usuario enters 'admin' into Se escribe el usuario, usuario enters 'serenity' into Se escribe la contraseÃ±a, usuario clicks on Boton que confirma el login]], Then deberia cargarse la pagina]
[Test worker] WARN net.thucydides.core.steps.BaseStepListener - TestOutcomes: [Login correcto:Example: {usser=admin, =, password=serenity} [Given un usuario ingresa un nombre de usuario en el campo usuario and que ha introducido un password en el campo contrasena [Usuario abrir pagina [usuario opens the Pagina star sharp url]], When se hace click en el boton
| usser | password |
| admin | serenity | [Usuario abrir formulario [usuario enters 'admin' into Se escribe el usuario, usuario enters 'serenity' into Se escribe la contraseÃ±a, usuario clicks on Boton que confirma el login]], Then deberia cargarse la pagina]]
[Test worker] WARN net.thucydides.core.steps.BaseStepListener - Final testOutcomes: [Login correcto:Example: {usser=admin, =, password=serenity} [Given un usuario ingresa un nombre de usuario en el campo usuario and que ha introducido un password en el campo contrasena [Usuario abrir pagina [usuario opens the Pagina star sharp url]], When se hace click en el boton
| usser | password |
| admin | serenity | [Usuario abrir formulario [usuario enters 'admin' into Se escribe el usuario, usuario enters 'serenity' into Se escribe la contraseÃ±a, usuario clicks on Boton que confirma el login]], Then deberia cargarse la pagina]]
[Test worker] INFO net.thucydides.core.steps.ConsoleLoggingListener - 
        __    _____ _____ ____ _____   ____   _    ____  ____  _____ ____  
  _     \ \  |_   _| ____/ ___|_   _| |  _ \ / \  / ___|/ ___|| ____|  _ \ 
 (_)_____| |   | | |  _| \___ \ | |   | |_) / _ \ \___ \\___ \|  _| | | | |
  _|_____| |   | | | |___ ___) || |   |  __/ ___ \ ___) |___) | |___| |_| |
 (_)     | |   |_| |_____|____/ |_|   |_| /_/   \_\____/|____/|_____|____/ 
        /_/                                                                

TEST PASSED: Login correcto
----------------------------------------------------------------------------
[pool-2-thread-1] INFO net.thucydides.core.requirements.PackageRequirementsTagProvider - Loading requirements from package requirements at: net.thucydides.showcase.cucumber.junit
]]></system-err>
</testsuite>
